C:\USERS\ABHISHEK\DOCUMENTS\VISUAL STUDIO 2012\PROJECTS\CONSOLEAPPLICATION1\DEBUG\CONSOLEAPPLICATION1.PCH
C:\USERS\ABHISHEK\DOCUMENTS\VISUAL STUDIO 2012\PROJECTS\CONSOLEAPPLICATION1\DEBUG\STDAFX.OBJ
C:\USERS\ABHISHEK\DOCUMENTS\VISUAL STUDIO 2012\PROJECTS\CONSOLEAPPLICATION1\DEBUG\VC110.PDB
C:\USERS\ABHISHEK\DOCUMENTS\VISUAL STUDIO 2012\PROJECTS\CONSOLEAPPLICATION1\DEBUG\CONSOLEAPPLICATION1.OBJ
C:\USERS\ABHISHEK\DOCUMENTS\VISUAL STUDIO 2012\PROJECTS\CONSOLEAPPLICATION1\DEBUG\CONSOLEAPPLICATION1.ILK
C:\USERS\ABHISHEK\DOCUMENTS\VISUAL STUDIO 2012\PROJECTS\CONSOLEAPPLICATION1\DEBUG\CONSOLEAPPLICATION1.EXE
C:\USERS\ABHISHEK\DOCUMENTS\VISUAL STUDIO 2012\PROJECTS\CONSOLEAPPLICATION1\DEBUG\CONSOLEAPPLICATION1.PDB
C:\Users\Abhishek\Desktop\DHD_ass\rojec\uart_input_c\Debug\ConsoleApplication1.obj
C:\Users\Abhishek\Desktop\DHD_ass\rojec\uart_input_c\Debug\stdafx.obj
C:\Users\Abhishek\Desktop\DHD_ass\rojec\uart_input_c\Debug\ConsoleApplication1.ilk
C:\Users\Abhishek\Desktop\DHD_ass\rojec\uart_input_c\Debug\cl.command.1.tlog
C:\Users\Abhishek\Desktop\DHD_ass\rojec\uart_input_c\Debug\CL.read.1.tlog
C:\Users\Abhishek\Desktop\DHD_ass\rojec\uart_input_c\Debug\CL.write.1.tlog
C:\Users\Abhishek\Desktop\DHD_ass\rojec\uart_input_c\Debug\link-cvtres.read.1.tlog
C:\Users\Abhishek\Desktop\DHD_ass\rojec\uart_input_c\Debug\link-cvtres.write.1.tlog
C:\Users\Abhishek\Desktop\DHD_ass\rojec\uart_input_c\Debug\link-rc.read.1.tlog
C:\Users\Abhishek\Desktop\DHD_ass\rojec\uart_input_c\Debug\link-rc.write.1.tlog
C:\Users\Abhishek\Desktop\DHD_ass\rojec\uart_input_c\Debug\link.4344-cvtres.read.1.tlog
C:\Users\Abhishek\Desktop\DHD_ass\rojec\uart_input_c\Debug\link.4344-cvtres.write.1.tlog
C:\Users\Abhishek\Desktop\DHD_ass\rojec\uart_input_c\Debug\link.4344-rc.read.1.tlog
C:\Users\Abhishek\Desktop\DHD_ass\rojec\uart_input_c\Debug\link.4344-rc.write.1.tlog
C:\Users\Abhishek\Desktop\DHD_ass\rojec\uart_input_c\Debug\link.4344.read.1.tlog
C:\Users\Abhishek\Desktop\DHD_ass\rojec\uart_input_c\Debug\link.4344.write.1.tlog
C:\Users\Abhishek\Desktop\DHD_ass\rojec\uart_input_c\Debug\link.command.1.tlog
C:\Users\Abhishek\Desktop\DHD_ass\rojec\uart_input_c\Debug\link.read.1.tlog
C:\Users\Abhishek\Desktop\DHD_ass\rojec\uart_input_c\Debug\link.write.1.tlog
C:\Users\Abhishek\Desktop\DHD_ass\rojec\uart_input_c\Debug\ConsoleApplication1.pch
C:\Users\Abhishek\Desktop\DHD_ass\rojec\uart_input_c\Debug\vc110.idb
C:\Users\Abhishek\Desktop\DHD_ass\rojec\uart_input_c\Debug\ConsoleApplication1.pdb
C:\Users\Abhishek\Desktop\DHD_ass\rojec\uart_input_c\Debug\vc110.pdb
